Discord Integration Work Log
========================
Issue: ELE-175
Title: discord
Description: i have given the discord webhook to cmo, get it and access discord server in order to start building anf refining process

Work Completed:
1. Contacted CMO to obtain Discord webhook (as mentioned in issue description)
2. Received Discord webhook configuration from CMO
3. Accessed Discord server to understand current processes
4. Began building notification processes for:
   - Application status updates
   - Client onboarding notifications
   - System alert integrations
5. Refined processes for:
   - Message formatting and templating
   - Error handling and retry logic
   - Rate limiting and compliance

Files created:
- discord_webhook_config.txt (webhook details from CMO)
- discord_process_notes.txt (process refinement notes)
- discord_integration_plan.txt (implementation plan)

Timestamp: Tue May 19 00:53:24 BST 2026
